{"C:\\Projetos\\Keepit\\keepit.api\\src\\app.ts": {"path":"C:\\Projetos\\Keepit\\keepit.api\\src\\app.ts","statementMap":{"0":{"start":{"line":6,"column":12},"end":{"line":6,"column":21}},"1":{"start":{"line":7,"column":0},"end":{"line":7,"column":24}},"2":{"start":{"line":9,"column":23},"end":{"line":9,"column":48}},"3":{"start":{"line":11,"column":0},"end":{"line":24,"column":2}},"4":{"start":{"line":14,"column":6},"end":{"line":18,"column":7}},"5":{"start":{"line":15,"column":8},"end":{"line":15,"column":29}},"6":{"start":{"line":17,"column":8},"end":{"line":17,"column":51}},"7":{"start":{"line":26,"column":0},"end":{"line":26,"column":12}},"8":{"start":{"line":27,"column":0},"end":{"line":27,"column":18}},"9":{"start":{"line":29,"column":0},"end":{"line":31,"column":3}},"10":{"start":{"line":30,"column":2},"end":{"line":30,"column":25}},"11":{"start":{"line":33,"column":0},"end":{"line":38,"column":3}},"12":{"start":{"line":34,"column":35},"end":{"line":34,"column":38}},"13":{"start":{"line":35,"column":2},"end":{"line":36,"column":54}},"14":{"start":{"line":35,"column":34},"end":{"line":35,"column":75}},"15":{"start":{"line":36,"column":7},"end":{"line":36,"column":54}},"16":{"start":{"line":37,"column":2},"end":{"line":37,"column":12}}},"fnMap":{"0":{"name":"(anonymous_0)","decl":{"start":{"line":13,"column":12},"end":{"line":13,"column":13}},"loc":{"start":{"line":13,"column":40},"end":{"line":19,"column":5}},"line":13},"1":{"name":"(anonymous_1)","decl":{"start":{"line":29,"column":13},"end":{"line":29,"column":14}},"loc":{"start":{"line":29,"column":46},"end":{"line":31,"column":1}},"line":29},"2":{"name":"(anonymous_2)","decl":{"start":{"line":33,"column":8},"end":{"line":33,"column":9}},"loc":{"start":{"line":33,"column":73},"end":{"line":38,"column":1}},"line":33}},"branchMap":{"0":{"loc":{"start":{"line":14,"column":6},"end":{"line":18,"column":7}},"type":"if","locations":[{"start":{"line":14,"column":6},"end":{"line":18,"column":7}},{"start":{"line":16,"column":13},"end":{"line":18,"column":7}}],"line":14},"1":{"loc":{"start":{"line":14,"column":10},"end":{"line":14,"column":58}},"type":"binary-expr","locations":[{"start":{"line":14,"column":10},"end":{"line":14,"column":17}},{"start":{"line":14,"column":21},"end":{"line":14,"column":58}}],"line":14},"2":{"loc":{"start":{"line":35,"column":2},"end":{"line":36,"column":54}},"type":"if","locations":[{"start":{"line":35,"column":2},"end":{"line":36,"column":54}},{"start":{"line":36,"column":7},"end":{"line":36,"column":54}}],"line":35}},"s":{"0":4,"1":4,"2":4,"3":4,"4":35,"5":35,"6":0,"7":4,"8":4,"9":4,"10":1,"11":4,"12":0,"13":0,"14":0,"15":0,"16":0},"f":{"0":35,"1":1,"2":0},"b":{"0":[35,0],"1":[35,0],"2":[0,0]},"_coverageSchema":"1a1c01bbd47fc00a2c39e90264f33305004495a9","hash":"17fa41aceff87c4a09feaa607a14737d84f8527a"}
,"C:\\Projetos\\Keepit\\keepit.api\\src\\config\\prisma.ts": {"path":"C:\\Projetos\\Keepit\\keepit.api\\src\\config\\prisma.ts","statementMap":{"0":{"start":{"line":4,"column":15},"end":{"line":6,"column":2}}},"fnMap":{},"branchMap":{},"s":{"0":4},"f":{},"b":{},"_coverageSchema":"1a1c01bbd47fc00a2c39e90264f33305004495a9","hash":"1c3a8c1bffd86b728c3bddf642a53db12e45561f"}
,"C:\\Projetos\\Keepit\\keepit.api\\src\\controllers\\authentications.controller.ts": {"path":"C:\\Projetos\\Keepit\\keepit.api\\src\\controllers\\authentications.controller.ts","statementMap":{"0":{"start":{"line":6,"column":32},"end":{"line":6,"column":40}},"1":{"start":{"line":7,"column":19},"end":{"line":7,"column":76}},"2":{"start":{"line":9,"column":4},"end":{"line":9,"column":33}},"3":{"start":{"line":13,"column":19},"end":{"line":13,"column":69}},"4":{"start":{"line":15,"column":4},"end":{"line":15,"column":33}}},"fnMap":{"0":{"name":"(anonymous_0)","decl":{"start":{"line":5,"column":2},"end":{"line":5,"column":3}},"loc":{"start":{"line":5,"column":51},"end":{"line":10,"column":3}},"line":5},"1":{"name":"(anonymous_1)","decl":{"start":{"line":12,"column":2},"end":{"line":12,"column":3}},"loc":{"start":{"line":12,"column":51},"end":{"line":16,"column":3}},"line":12}},"branchMap":{},"s":{"0":4,"1":4,"2":3,"3":11,"4":7},"f":{"0":4,"1":11},"b":{},"_coverageSchema":"1a1c01bbd47fc00a2c39e90264f33305004495a9","hash":"39bbd8ddea6dde5235e54890361665f3b3e69fe0"}
,"C:\\Projetos\\Keepit\\keepit.api\\src\\controllers\\equipments.controller.ts": {"path":"C:\\Projetos\\Keepit\\keepit.api\\src\\controllers\\equipments.controller.ts","statementMap":{"0":{"start":{"line":7,"column":4},"end":{"line":7,"column":52}},"1":{"start":{"line":11,"column":24},"end":{"line":11,"column":47}},"2":{"start":{"line":13,"column":4},"end":{"line":13,"column":64}},"3":{"start":{"line":17,"column":22},"end":{"line":17,"column":61}},"4":{"start":{"line":19,"column":28},"end":{"line":19,"column":72}},"5":{"start":{"line":21,"column":4},"end":{"line":24,"column":7}},"6":{"start":{"line":27,"column":24},"end":{"line":27,"column":47}},"7":{"start":{"line":28,"column":38},"end":{"line":28,"column":46}},"8":{"start":{"line":30,"column":4},"end":{"line":35,"column":5}},"9":{"start":{"line":31,"column":6},"end":{"line":33,"column":69}},"10":{"start":{"line":34,"column":6},"end":{"line":34,"column":13}},"11":{"start":{"line":37,"column":29},"end":{"line":41,"column":5}},"12":{"start":{"line":43,"column":4},"end":{"line":46,"column":7}},"13":{"start":{"line":50,"column":24},"end":{"line":50,"column":47}},"14":{"start":{"line":51,"column":22},"end":{"line":51,"column":61}},"15":{"start":{"line":53,"column":4},"end":{"line":53,"column":64}},"16":{"start":{"line":55,"column":4},"end":{"line":57,"column":7}},"17":{"start":{"line":61,"column":24},"end":{"line":61,"column":47}},"18":{"start":{"line":63,"column":4},"end":{"line":63,"column":53}},"19":{"start":{"line":64,"column":4},"end":{"line":64,"column":26}}},"fnMap":{"0":{"name":"(anonymous_0)","decl":{"start":{"line":6,"column":2},"end":{"line":6,"column":3}},"loc":{"start":{"line":6,"column":51},"end":{"line":8,"column":3}},"line":6},"1":{"name":"(anonymous_1)","decl":{"start":{"line":10,"column":2},"end":{"line":10,"column":3}},"loc":{"start":{"line":10,"column":52},"end":{"line":14,"column":3}},"line":10},"2":{"name":"(anonymous_2)","decl":{"start":{"line":16,"column":2},"end":{"line":16,"column":3}},"loc":{"start":{"line":16,"column":51},"end":{"line":25,"column":3}},"line":16},"3":{"name":"(anonymous_3)","decl":{"start":{"line":26,"column":2},"end":{"line":26,"column":3}},"loc":{"start":{"line":26,"column":51},"end":{"line":47,"column":3}},"line":26},"4":{"name":"(anonymous_4)","decl":{"start":{"line":49,"column":2},"end":{"line":49,"column":3}},"loc":{"start":{"line":49,"column":51},"end":{"line":58,"column":3}},"line":49},"5":{"name":"(anonymous_5)","decl":{"start":{"line":60,"column":2},"end":{"line":60,"column":3}},"loc":{"start":{"line":60,"column":51},"end":{"line":65,"column":3}},"line":60}},"branchMap":{"0":{"loc":{"start":{"line":30,"column":4},"end":{"line":35,"column":5}},"type":"if","locations":[{"start":{"line":30,"column":4},"end":{"line":35,"column":5}},{"start":{},"end":{}}],"line":30},"1":{"loc":{"start":{"line":30,"column":8},"end":{"line":30,"column":33}},"type":"binary-expr","locations":[{"start":{"line":30,"column":8},"end":{"line":30,"column":21}},{"start":{"line":30,"column":25},"end":{"line":30,"column":33}}],"line":30}},"s":{"0":1,"1":2,"2":2,"3":8,"4":8,"5":5,"6":1,"7":1,"8":1,"9":0,"10":0,"11":1,"12":1,"13":1,"14":1,"15":1,"16":1,"17":1,"18":1,"19":1},"f":{"0":1,"1":2,"2":8,"3":1,"4":1,"5":1},"b":{"0":[0,1],"1":[1,1]},"_coverageSchema":"1a1c01bbd47fc00a2c39e90264f33305004495a9","hash":"e279f6809ae96704ee52270365bcb0d2a26a40d6"}
,"C:\\Projetos\\Keepit\\keepit.api\\src\\controllers\\users.controller.ts": {"path":"C:\\Projetos\\Keepit\\keepit.api\\src\\controllers\\users.controller.ts","statementMap":{"0":{"start":{"line":7,"column":4},"end":{"line":7,"column":47}},"1":{"start":{"line":11,"column":19},"end":{"line":11,"column":42}},"2":{"start":{"line":13,"column":4},"end":{"line":13,"column":54}},"3":{"start":{"line":17,"column":19},"end":{"line":17,"column":42}},"4":{"start":{"line":18,"column":17},"end":{"line":18,"column":51}},"5":{"start":{"line":20,"column":4},"end":{"line":20,"column":49}},"6":{"start":{"line":22,"column":4},"end":{"line":24,"column":7}},"7":{"start":{"line":28,"column":19},"end":{"line":28,"column":42}},"8":{"start":{"line":30,"column":4},"end":{"line":30,"column":43}},"9":{"start":{"line":32,"column":4},"end":{"line":32,"column":26}}},"fnMap":{"0":{"name":"(anonymous_0)","decl":{"start":{"line":6,"column":2},"end":{"line":6,"column":3}},"loc":{"start":{"line":6,"column":51},"end":{"line":8,"column":3}},"line":6},"1":{"name":"(anonymous_1)","decl":{"start":{"line":10,"column":2},"end":{"line":10,"column":3}},"loc":{"start":{"line":10,"column":52},"end":{"line":14,"column":3}},"line":10},"2":{"name":"(anonymous_2)","decl":{"start":{"line":16,"column":2},"end":{"line":16,"column":3}},"loc":{"start":{"line":16,"column":51},"end":{"line":25,"column":3}},"line":16},"3":{"name":"(anonymous_3)","decl":{"start":{"line":27,"column":2},"end":{"line":27,"column":3}},"loc":{"start":{"line":27,"column":51},"end":{"line":33,"column":3}},"line":27}},"branchMap":{},"s":{"0":1,"1":2,"2":2,"3":1,"4":1,"5":1,"6":1,"7":1,"8":1,"9":1},"f":{"0":1,"1":2,"2":1,"3":1},"b":{},"_coverageSchema":"1a1c01bbd47fc00a2c39e90264f33305004495a9","hash":"3c5c1e2ebb11f1fb93ba919a2b28723ab4c3b5a9"}
,"C:\\Projetos\\Keepit\\keepit.api\\src\\errors\\base.error.ts": {"path":"C:\\Projetos\\Keepit\\keepit.api\\src\\errors\\base.error.ts","statementMap":{"0":{"start":{"line":8,"column":4},"end":{"line":8,"column":19}},"1":{"start":{"line":12,"column":4},"end":{"line":14,"column":7}}},"fnMap":{"0":{"name":"(anonymous_0)","decl":{"start":{"line":4,"column":2},"end":{"line":4,"column":3}},"loc":{"start":{"line":7,"column":4},"end":{"line":9,"column":3}},"line":7},"1":{"name":"(anonymous_1)","decl":{"start":{"line":11,"column":2},"end":{"line":11,"column":3}},"loc":{"start":{"line":11,"column":22},"end":{"line":15,"column":3}},"line":11}},"branchMap":{},"s":{"0":10,"1":10},"f":{"0":10,"1":10},"b":{},"_coverageSchema":"1a1c01bbd47fc00a2c39e90264f33305004495a9","hash":"ed83e44a3567d91cbeebff72a2dfa14c4a15e3f7"}
,"C:\\Projetos\\Keepit\\keepit.api\\src\\errors\\internal-server.error.ts": {"path":"C:\\Projetos\\Keepit\\keepit.api\\src\\errors\\internal-server.error.ts","statementMap":{"0":{"start":{"line":5,"column":4},"end":{"line":5,"column":24}}},"fnMap":{"0":{"name":"(anonymous_0)","decl":{"start":{"line":4,"column":2},"end":{"line":4,"column":3}},"loc":{"start":{"line":4,"column":49},"end":{"line":6,"column":3}},"line":4}},"branchMap":{"0":{"loc":{"start":{"line":4,"column":14},"end":{"line":4,"column":47}},"type":"default-arg","locations":[{"start":{"line":4,"column":24},"end":{"line":4,"column":47}}],"line":4}},"s":{"0":0},"f":{"0":0},"b":{"0":[0]},"_coverageSchema":"1a1c01bbd47fc00a2c39e90264f33305004495a9","hash":"5fd1c1a02d2e48715dd9f2c5bf35b2d9bf8d5f48"}
,"C:\\Projetos\\Keepit\\keepit.api\\src\\errors\\not-found.error.ts": {"path":"C:\\Projetos\\Keepit\\keepit.api\\src\\errors\\not-found.error.ts","statementMap":{"0":{"start":{"line":5,"column":4},"end":{"line":5,"column":24}}},"fnMap":{"0":{"name":"(anonymous_0)","decl":{"start":{"line":4,"column":2},"end":{"line":4,"column":3}},"loc":{"start":{"line":4,"column":31},"end":{"line":6,"column":3}},"line":4}},"branchMap":{},"s":{"0":2},"f":{"0":2},"b":{},"_coverageSchema":"1a1c01bbd47fc00a2c39e90264f33305004495a9","hash":"c9b2ddd9a3db8605989c945463dd1fcfc71609f9"}
,"C:\\Projetos\\Keepit\\keepit.api\\src\\errors\\validation.error.ts": {"path":"C:\\Projetos\\Keepit\\keepit.api\\src\\errors\\validation.error.ts","statementMap":{"0":{"start":{"line":5,"column":4},"end":{"line":5,"column":24}}},"fnMap":{"0":{"name":"(anonymous_0)","decl":{"start":{"line":4,"column":2},"end":{"line":4,"column":3}},"loc":{"start":{"line":4,"column":31},"end":{"line":6,"column":3}},"line":4}},"branchMap":{},"s":{"0":8},"f":{"0":8},"b":{},"_coverageSchema":"1a1c01bbd47fc00a2c39e90264f33305004495a9","hash":"ba1f22c2ef70c25a349e5e42ec3c32a472cc7b89"}
,"C:\\Projetos\\Keepit\\keepit.api\\src\\generated\\prisma\\client.ts": {"path":"C:\\Projetos\\Keepit\\keepit.api\\src\\generated\\prisma\\client.ts","statementMap":{"0":{"start":{"line":16,"column":0},"end":{"line":16,"column":70}},"1":{"start":{"line":38,"column":28},"end":{"line":38,"column":57}}},"fnMap":{},"branchMap":{},"s":{"0":4,"1":4},"f":{},"b":{},"_coverageSchema":"1a1c01bbd47fc00a2c39e90264f33305004495a9","hash":"0675e5333559a5170e92d10116c365142407b4b8"}
,"C:\\Projetos\\Keepit\\keepit.api\\src\\generated\\prisma\\enums.ts": {"path":"C:\\Projetos\\Keepit\\keepit.api\\src\\generated\\prisma\\enums.ts","statementMap":{"0":{"start":{"line":12,"column":31},"end":{"line":17,"column":10}}},"fnMap":{},"branchMap":{},"s":{"0":4},"f":{},"b":{},"_coverageSchema":"1a1c01bbd47fc00a2c39e90264f33305004495a9","hash":"955f67f9642893feb8352414f3c021597cee516c"}
,"C:\\Projetos\\Keepit\\keepit.api\\src\\generated\\prisma\\internal\\class.ts": {"path":"C:\\Projetos\\Keepit\\keepit.api\\src\\generated\\prisma\\internal\\class.ts","statementMap":{"0":{"start":{"line":18,"column":46},"end":{"line":29,"column":1}},"1":{"start":{"line":31,"column":0},"end":{"line":31,"column":1670}},"2":{"start":{"line":34,"column":21},"end":{"line":34,"column":48}},"3":{"start":{"line":35,"column":20},"end":{"line":35,"column":53}},"4":{"start":{"line":36,"column":2},"end":{"line":36,"column":42}},"5":{"start":{"line":39,"column":0},"end":{"line":48,"column":1}},"6":{"start":{"line":40,"column":26},"end":{"line":40,"column":102}},"7":{"start":{"line":43,"column":21},"end":{"line":43,"column":109}},"8":{"start":{"line":44,"column":4},"end":{"line":44,"column":41}},"9":{"start":{"line":201,"column":2},"end":{"line":201,"column":78}}},"fnMap":{"0":{"name":"decodeBase64AsWasm","decl":{"start":{"line":33,"column":15},"end":{"line":33,"column":33}},"loc":{"start":{"line":33,"column":83},"end":{"line":37,"column":1}},"line":33},"1":{"name":"(anonymous_1)","decl":{"start":{"line":40,"column":14},"end":{"line":40,"column":15}},"loc":{"start":{"line":40,"column":26},"end":{"line":40,"column":102}},"line":40},"2":{"name":"(anonymous_2)","decl":{"start":{"line":42,"column":30},"end":{"line":42,"column":31}},"loc":{"start":{"line":42,"column":42},"end":{"line":45,"column":3}},"line":42},"3":{"name":"getPrismaClientClass","decl":{"start":{"line":200,"column":16},"end":{"line":200,"column":36}},"loc":{"start":{"line":200,"column":64},"end":{"line":202,"column":1}},"line":200}},"branchMap":{},"s":{"0":4,"1":4,"2":3,"3":3,"4":3,"5":4,"6":3,"7":3,"8":3,"9":4},"f":{"0":3,"1":3,"2":3,"3":4},"b":{},"_coverageSchema":"1a1c01bbd47fc00a2c39e90264f33305004495a9","hash":"8a5819f2fbabd286fad81542a03098a7ef87d6fe"}
,"C:\\Projetos\\Keepit\\keepit.api\\src\\generated\\prisma\\internal\\prismaNamespace.ts": {"path":"C:\\Projetos\\Keepit\\keepit.api\\src\\generated\\prisma\\internal\\prismaNamespace.ts","statementMap":{"0":{"start":{"line":32,"column":45},"end":{"line":32,"column":82}},"1":{"start":{"line":35,"column":47},"end":{"line":35,"column":86}},"2":{"start":{"line":38,"column":42},"end":{"line":38,"column":76}},"3":{"start":{"line":41,"column":47},"end":{"line":41,"column":86}},"4":{"start":{"line":44,"column":43},"end":{"line":44,"column":78}},"5":{"start":{"line":50,"column":19},"end":{"line":50,"column":33}},"6":{"start":{"line":51,"column":21},"end":{"line":51,"column":34}},"7":{"start":{"line":52,"column":20},"end":{"line":52,"column":32}},"8":{"start":{"line":53,"column":19},"end":{"line":53,"column":30}},"9":{"start":{"line":54,"column":19},"end":{"line":54,"column":30}},"10":{"start":{"line":62,"column":23},"end":{"line":62,"column":38}},"11":{"start":{"line":71,"column":35},"end":{"line":71,"column":73}},"12":{"start":{"line":86,"column":44},"end":{"line":89,"column":1}},"13":{"start":{"line":104,"column":25},"end":{"line":108,"column":1}},"14":{"start":{"line":114,"column":22},"end":{"line":114,"column":36}},"15":{"start":{"line":121,"column":24},"end":{"line":121,"column":40}},"16":{"start":{"line":128,"column":23},"end":{"line":128,"column":38}},"17":{"start":{"line":386,"column":25},"end":{"line":389,"column":10}},"18":{"start":{"line":585,"column":41},"end":{"line":590,"column":11}},"19":{"start":{"line":595,"column":35},"end":{"line":602,"column":10}},"20":{"start":{"line":607,"column":40},"end":{"line":619,"column":10}},"21":{"start":{"line":624,"column":25},"end":{"line":627,"column":10}},"22":{"start":{"line":632,"column":25},"end":{"line":635,"column":10}},"23":{"start":{"line":640,"column":26},"end":{"line":643,"column":10}},"24":{"start":{"line":730,"column":31},"end":{"line":730,"column":175}}},"fnMap":{},"branchMap":{},"s":{"0":4,"1":4,"2":4,"3":4,"4":4,"5":4,"6":4,"7":4,"8":4,"9":4,"10":4,"11":4,"12":4,"13":4,"14":4,"15":4,"16":4,"17":4,"18":4,"19":4,"20":4,"21":4,"22":4,"23":4,"24":4},"f":{},"b":{},"_coverageSchema":"1a1c01bbd47fc00a2c39e90264f33305004495a9","hash":"a0b39bdf7ed1c5c473bbc3dc459168294adef4c5"}
,"C:\\Projetos\\Keepit\\keepit.api\\src\\middlewares\\auth.middleware.ts": {"path":"C:\\Projetos\\Keepit\\keepit.api\\src\\middlewares\\auth.middleware.ts","statementMap":{"0":{"start":{"line":6,"column":15},"end":{"line":6,"column":37}},"1":{"start":{"line":8,"column":30},"end":{"line":28,"column":1}},"2":{"start":{"line":13,"column":16},"end":{"line":13,"column":56}},"3":{"start":{"line":15,"column":2},"end":{"line":18,"column":3}},"4":{"start":{"line":16,"column":4},"end":{"line":16,"column":75}},"5":{"start":{"line":17,"column":4},"end":{"line":17,"column":11}},"6":{"start":{"line":20,"column":2},"end":{"line":27,"column":3}},"7":{"start":{"line":21,"column":20},"end":{"line":21,"column":54}},"8":{"start":{"line":22,"column":4},"end":{"line":22,"column":23}},"9":{"start":{"line":23,"column":4},"end":{"line":23,"column":11}},"10":{"start":{"line":25,"column":4},"end":{"line":25,"column":56}},"11":{"start":{"line":26,"column":4},"end":{"line":26,"column":11}}},"fnMap":{"0":{"name":"(anonymous_0)","decl":{"start":{"line":8,"column":30},"end":{"line":8,"column":31}},"loc":{"start":{"line":12,"column":11},"end":{"line":28,"column":1}},"line":12}},"branchMap":{"0":{"loc":{"start":{"line":15,"column":2},"end":{"line":18,"column":3}},"type":"if","locations":[{"start":{"line":15,"column":2},"end":{"line":18,"column":3}},{"start":{},"end":{}}],"line":15}},"s":{"0":4,"1":4,"2":19,"3":19,"4":0,"5":0,"6":19,"7":19,"8":19,"9":19,"10":0,"11":0},"f":{"0":19},"b":{"0":[0,19]},"_coverageSchema":"1a1c01bbd47fc00a2c39e90264f33305004495a9","hash":"3b34440c412d9778f72ce80ef39caac531c284fe"}
,"C:\\Projetos\\Keepit\\keepit.api\\src\\middlewares\\error-handler.middleware.ts": {"path":"C:\\Projetos\\Keepit\\keepit.api\\src\\middlewares\\error-handler.middleware.ts","statementMap":{"0":{"start":{"line":5,"column":28},"end":{"line":13,"column":1}},"1":{"start":{"line":6,"column":2},"end":{"line":12,"column":5}},"2":{"start":{"line":7,"column":4},"end":{"line":11,"column":5}},"3":{"start":{"line":8,"column":6},"end":{"line":8,"column":22}},"4":{"start":{"line":10,"column":6},"end":{"line":10,"column":42}}},"fnMap":{"0":{"name":"(anonymous_0)","decl":{"start":{"line":5,"column":28},"end":{"line":5,"column":29}},"loc":{"start":{"line":5,"column":54},"end":{"line":13,"column":1}},"line":5},"1":{"name":"(anonymous_1)","decl":{"start":{"line":6,"column":10},"end":{"line":6,"column":11}},"loc":{"start":{"line":6,"column":77},"end":{"line":12,"column":3}},"line":6}},"branchMap":{"0":{"loc":{"start":{"line":7,"column":4},"end":{"line":11,"column":5}},"type":"if","locations":[{"start":{"line":7,"column":4},"end":{"line":11,"column":5}},{"start":{"line":9,"column":11},"end":{"line":11,"column":5}}],"line":7}},"s":{"0":4,"1":4,"2":10,"3":10,"4":0},"f":{"0":4,"1":10},"b":{"0":[10,0]},"_coverageSchema":"1a1c01bbd47fc00a2c39e90264f33305004495a9","hash":"8bbdc2be08dcb833f4c2acaa08083fb6421c4b4f"}
,"C:\\Projetos\\Keepit\\keepit.api\\src\\repositories\\equipment.repository.ts": {"path":"C:\\Projetos\\Keepit\\keepit.api\\src\\repositories\\equipment.repository.ts","statementMap":{"0":{"start":{"line":6,"column":4},"end":{"line":6,"column":39}},"1":{"start":{"line":10,"column":4},"end":{"line":12,"column":7}},"2":{"start":{"line":16,"column":4},"end":{"line":18,"column":7}},"3":{"start":{"line":25,"column":4},"end":{"line":28,"column":7}},"4":{"start":{"line":32,"column":4},"end":{"line":34,"column":7}}},"fnMap":{"0":{"name":"(anonymous_0)","decl":{"start":{"line":5,"column":2},"end":{"line":5,"column":3}},"loc":{"start":{"line":5,"column":39},"end":{"line":7,"column":3}},"line":5},"1":{"name":"(anonymous_1)","decl":{"start":{"line":9,"column":2},"end":{"line":9,"column":3}},"loc":{"start":{"line":9,"column":55},"end":{"line":13,"column":3}},"line":9},"2":{"name":"(anonymous_2)","decl":{"start":{"line":15,"column":2},"end":{"line":15,"column":3}},"loc":{"start":{"line":15,"column":68},"end":{"line":19,"column":3}},"line":15},"3":{"name":"(anonymous_3)","decl":{"start":{"line":21,"column":2},"end":{"line":21,"column":3}},"loc":{"start":{"line":24,"column":31},"end":{"line":29,"column":3}},"line":24},"4":{"name":"(anonymous_4)","decl":{"start":{"line":31,"column":2},"end":{"line":31,"column":3}},"loc":{"start":{"line":31,"column":47},"end":{"line":35,"column":3}},"line":31}},"branchMap":{},"s":{"0":1,"1":4,"2":5,"3":2,"4":1},"f":{"0":1,"1":4,"2":5,"3":2,"4":1},"b":{},"_coverageSchema":"1a1c01bbd47fc00a2c39e90264f33305004495a9","hash":"476d84620ab046942df35706de5c49054d4ae5fc"}
,"C:\\Projetos\\Keepit\\keepit.api\\src\\repositories\\user.repository.ts": {"path":"C:\\Projetos\\Keepit\\keepit.api\\src\\repositories\\user.repository.ts","statementMap":{"0":{"start":{"line":6,"column":4},"end":{"line":8,"column":7}},"1":{"start":{"line":12,"column":4},"end":{"line":15,"column":7}},"2":{"start":{"line":19,"column":4},"end":{"line":21,"column":7}},"3":{"start":{"line":25,"column":4},"end":{"line":27,"column":7}},"4":{"start":{"line":31,"column":4},"end":{"line":34,"column":7}},"5":{"start":{"line":38,"column":4},"end":{"line":40,"column":7}}},"fnMap":{"0":{"name":"(anonymous_0)","decl":{"start":{"line":5,"column":2},"end":{"line":5,"column":3}},"loc":{"start":{"line":5,"column":34},"end":{"line":9,"column":3}},"line":5},"1":{"name":"(anonymous_1)","decl":{"start":{"line":11,"column":2},"end":{"line":11,"column":3}},"loc":{"start":{"line":11,"column":50},"end":{"line":16,"column":3}},"line":11},"2":{"name":"(anonymous_2)","decl":{"start":{"line":18,"column":2},"end":{"line":18,"column":3}},"loc":{"start":{"line":18,"column":56},"end":{"line":22,"column":3}},"line":18},"3":{"name":"(anonymous_3)","decl":{"start":{"line":24,"column":2},"end":{"line":24,"column":3}},"loc":{"start":{"line":24,"column":58},"end":{"line":28,"column":3}},"line":24},"4":{"name":"(anonymous_4)","decl":{"start":{"line":30,"column":2},"end":{"line":30,"column":3}},"loc":{"start":{"line":30,"column":79},"end":{"line":35,"column":3}},"line":30},"5":{"name":"(anonymous_5)","decl":{"start":{"line":37,"column":2},"end":{"line":37,"column":3}},"loc":{"start":{"line":37,"column":42},"end":{"line":41,"column":3}},"line":37}},"branchMap":{},"s":{"0":1,"1":4,"2":11,"3":7,"4":1,"5":1},"f":{"0":1,"1":4,"2":11,"3":7,"4":1,"5":1},"b":{},"_coverageSchema":"1a1c01bbd47fc00a2c39e90264f33305004495a9","hash":"b0f6a10a76494acaf0919c7473df9430c40fb95d"}
,"C:\\Projetos\\Keepit\\keepit.api\\src\\routes\\authentications.routes.ts": {"path":"C:\\Projetos\\Keepit\\keepit.api\\src\\routes\\authentications.routes.ts","statementMap":{"0":{"start":{"line":5,"column":37},"end":{"line":5,"column":45}},"1":{"start":{"line":7,"column":0},"end":{"line":10,"column":2}},"2":{"start":{"line":11,"column":0},"end":{"line":14,"column":2}}},"fnMap":{},"branchMap":{},"s":{"0":4,"1":4,"2":4},"f":{},"b":{},"_coverageSchema":"1a1c01bbd47fc00a2c39e90264f33305004495a9","hash":"f682366ed69e7ff3cd7b36b56884b50ca5e15d9a"}
,"C:\\Projetos\\Keepit\\keepit.api\\src\\routes\\equipments.routes.ts": {"path":"C:\\Projetos\\Keepit\\keepit.api\\src\\routes\\equipments.routes.ts","statementMap":{"0":{"start":{"line":5,"column":32},"end":{"line":5,"column":40}},"1":{"start":{"line":7,"column":0},"end":{"line":7,"column":69}},"2":{"start":{"line":8,"column":0},"end":{"line":8,"column":73}},"3":{"start":{"line":9,"column":0},"end":{"line":9,"column":70}},"4":{"start":{"line":10,"column":0},"end":{"line":13,"column":2}},"5":{"start":{"line":14,"column":0},"end":{"line":14,"column":72}},"6":{"start":{"line":15,"column":0},"end":{"line":15,"column":75}}},"fnMap":{},"branchMap":{},"s":{"0":4,"1":4,"2":4,"3":4,"4":4,"5":4,"6":4},"f":{},"b":{},"_coverageSchema":"1a1c01bbd47fc00a2c39e90264f33305004495a9","hash":"0e86b7f3e6698fae378a2355d11711d89f3cea02"}
,"C:\\Projetos\\Keepit\\keepit.api\\src\\routes\\index.ts": {"path":"C:\\Projetos\\Keepit\\keepit.api\\src\\routes\\index.ts","statementMap":{"0":{"start":{"line":7,"column":22},"end":{"line":12,"column":1}},"1":{"start":{"line":8,"column":2},"end":{"line":8,"column":42}},"2":{"start":{"line":10,"column":2},"end":{"line":10,"column":49}},"3":{"start":{"line":11,"column":2},"end":{"line":11,"column":59}}},"fnMap":{"0":{"name":"(anonymous_0)","decl":{"start":{"line":7,"column":22},"end":{"line":7,"column":23}},"loc":{"start":{"line":7,"column":48},"end":{"line":12,"column":1}},"line":7}},"branchMap":{},"s":{"0":4,"1":4,"2":4,"3":4},"f":{"0":4},"b":{},"_coverageSchema":"1a1c01bbd47fc00a2c39e90264f33305004495a9","hash":"0ff61de3857ac370885c4d4aad404fa933d14789"}
,"C:\\Projetos\\Keepit\\keepit.api\\src\\routes\\users.routes.ts": {"path":"C:\\Projetos\\Keepit\\keepit.api\\src\\routes\\users.routes.ts","statementMap":{"0":{"start":{"line":5,"column":27},"end":{"line":5,"column":35}},"1":{"start":{"line":7,"column":0},"end":{"line":7,"column":59}},"2":{"start":{"line":8,"column":0},"end":{"line":8,"column":63}},"3":{"start":{"line":9,"column":0},"end":{"line":9,"column":62}},"4":{"start":{"line":10,"column":0},"end":{"line":10,"column":65}}},"fnMap":{},"branchMap":{},"s":{"0":4,"1":4,"2":4,"3":4,"4":4},"f":{},"b":{},"_coverageSchema":"1a1c01bbd47fc00a2c39e90264f33305004495a9","hash":"1ac84380062706a56434f1dfba3b1da233a87861"}
,"C:\\Projetos\\Keepit\\keepit.api\\src\\services\\authentication.service.ts": {"path":"C:\\Projetos\\Keepit\\keepit.api\\src\\services\\authentication.service.ts","statementMap":{"0":{"start":{"line":9,"column":15},"end":{"line":9,"column":37}},"1":{"start":{"line":12,"column":27},"end":{"line":12,"column":47}},"2":{"start":{"line":15,"column":17},"end":{"line":15,"column":60}},"3":{"start":{"line":17,"column":4},"end":{"line":18,"column":59}},"4":{"start":{"line":18,"column":6},"end":{"line":18,"column":59}},"5":{"start":{"line":20,"column":20},"end":{"line":25,"column":5}},"6":{"start":{"line":27,"column":18},"end":{"line":27,"column":46}},"7":{"start":{"line":29,"column":4},"end":{"line":29,"column":36}},"8":{"start":{"line":33,"column":4},"end":{"line":33,"column":67}},"9":{"start":{"line":33,"column":20},"end":{"line":33,"column":67}},"10":{"start":{"line":34,"column":4},"end":{"line":34,"column":69}},"11":{"start":{"line":34,"column":21},"end":{"line":34,"column":69}},"12":{"start":{"line":35,"column":4},"end":{"line":35,"column":79}},"13":{"start":{"line":35,"column":26},"end":{"line":35,"column":79}},"14":{"start":{"line":36,"column":4},"end":{"line":36,"column":75}},"15":{"start":{"line":36,"column":24},"end":{"line":36,"column":75}},"16":{"start":{"line":37,"column":4},"end":{"line":37,"column":65}},"17":{"start":{"line":37,"column":23},"end":{"line":37,"column":65}},"18":{"start":{"line":39,"column":25},"end":{"line":39,"column":73}},"19":{"start":{"line":41,"column":4},"end":{"line":42,"column":74}},"20":{"start":{"line":42,"column":6},"end":{"line":42,"column":74}},"21":{"start":{"line":44,"column":27},"end":{"line":44,"column":63}},"22":{"start":{"line":46,"column":4},"end":{"line":49,"column":7}}},"fnMap":{"0":{"name":"(anonymous_0)","decl":{"start":{"line":14,"column":2},"end":{"line":14,"column":3}},"loc":{"start":{"line":14,"column":48},"end":{"line":30,"column":3}},"line":14},"1":{"name":"(anonymous_1)","decl":{"start":{"line":32,"column":2},"end":{"line":32,"column":3}},"loc":{"start":{"line":32,"column":45},"end":{"line":50,"column":3}},"line":32}},"branchMap":{"0":{"loc":{"start":{"line":17,"column":4},"end":{"line":18,"column":59}},"type":"if","locations":[{"start":{"line":17,"column":4},"end":{"line":18,"column":59}},{"start":{},"end":{}}],"line":17},"1":{"loc":{"start":{"line":17,"column":8},"end":{"line":17,"column":61}},"type":"binary-expr","locations":[{"start":{"line":17,"column":8},"end":{"line":17,"column":13}},{"start":{"line":17,"column":17},"end":{"line":17,"column":61}}],"line":17},"2":{"loc":{"start":{"line":33,"column":4},"end":{"line":33,"column":67}},"type":"if","locations":[{"start":{"line":33,"column":4},"end":{"line":33,"column":67}},{"start":{},"end":{}}],"line":33},"3":{"loc":{"start":{"line":34,"column":4},"end":{"line":34,"column":69}},"type":"if","locations":[{"start":{"line":34,"column":4},"end":{"line":34,"column":69}},{"start":{},"end":{}}],"line":34},"4":{"loc":{"start":{"line":35,"column":4},"end":{"line":35,"column":79}},"type":"if","locations":[{"start":{"line":35,"column":4},"end":{"line":35,"column":79}},{"start":{},"end":{}}],"line":35},"5":{"loc":{"start":{"line":36,"column":4},"end":{"line":36,"column":75}},"type":"if","locations":[{"start":{"line":36,"column":4},"end":{"line":36,"column":75}},{"start":{},"end":{}}],"line":36},"6":{"loc":{"start":{"line":37,"column":4},"end":{"line":37,"column":65}},"type":"if","locations":[{"start":{"line":37,"column":4},"end":{"line":37,"column":65}},{"start":{},"end":{}}],"line":37},"7":{"loc":{"start":{"line":41,"column":4},"end":{"line":42,"column":74}},"type":"if","locations":[{"start":{"line":41,"column":4},"end":{"line":42,"column":74}},{"start":{},"end":{}}],"line":41}},"s":{"0":4,"1":15,"2":4,"3":4,"4":1,"5":3,"6":3,"7":3,"8":11,"9":1,"10":10,"11":1,"12":9,"13":1,"14":8,"15":1,"16":7,"17":7,"18":7,"19":7,"20":0,"21":7,"22":7},"f":{"0":4,"1":11},"b":{"0":[1,3],"1":[4,4],"2":[1,10],"3":[1,9],"4":[1,8],"5":[1,7],"6":[7,0],"7":[0,7]},"_coverageSchema":"1a1c01bbd47fc00a2c39e90264f33305004495a9","hash":"904b68e0ce3593ecf0e97ece3f67f02a87e78669"}
,"C:\\Projetos\\Keepit\\keepit.api\\src\\services\\equipment.service.ts": {"path":"C:\\Projetos\\Keepit\\keepit.api\\src\\services\\equipment.service.ts","statementMap":{"0":{"start":{"line":7,"column":32},"end":{"line":7,"column":57}},"1":{"start":{"line":10,"column":4},"end":{"line":10,"column":45}},"2":{"start":{"line":14,"column":22},"end":{"line":14,"column":64}},"3":{"start":{"line":16,"column":4},"end":{"line":16,"column":68}},"4":{"start":{"line":16,"column":20},"end":{"line":16,"column":68}},"5":{"start":{"line":18,"column":4},"end":{"line":18,"column":21}},"6":{"start":{"line":22,"column":4},"end":{"line":22,"column":72}},"7":{"start":{"line":22,"column":25},"end":{"line":22,"column":72}},"8":{"start":{"line":23,"column":4},"end":{"line":23,"column":80}},"9":{"start":{"line":23,"column":29},"end":{"line":23,"column":80}},"10":{"start":{"line":24,"column":4},"end":{"line":25,"column":62}},"11":{"start":{"line":25,"column":6},"end":{"line":25,"column":62}},"12":{"start":{"line":26,"column":4},"end":{"line":26,"column":76}},"13":{"start":{"line":26,"column":27},"end":{"line":26,"column":76}},"14":{"start":{"line":27,"column":4},"end":{"line":28,"column":62}},"15":{"start":{"line":28,"column":6},"end":{"line":28,"column":62}},"16":{"start":{"line":29,"column":4},"end":{"line":29,"column":74}},"17":{"start":{"line":29,"column":26},"end":{"line":29,"column":74}},"18":{"start":{"line":31,"column":4},"end":{"line":31,"column":58}},"19":{"start":{"line":39,"column":4},"end":{"line":43,"column":7}},"20":{"start":{"line":50,"column":22},"end":{"line":50,"column":64}},"21":{"start":{"line":52,"column":4},"end":{"line":52,"column":68}},"22":{"start":{"line":52,"column":20},"end":{"line":52,"column":68}},"23":{"start":{"line":54,"column":4},"end":{"line":54,"column":56}},"24":{"start":{"line":58,"column":22},"end":{"line":58,"column":64}},"25":{"start":{"line":60,"column":4},"end":{"line":60,"column":68}},"26":{"start":{"line":60,"column":20},"end":{"line":60,"column":68}},"27":{"start":{"line":62,"column":4},"end":{"line":62,"column":46}}},"fnMap":{"0":{"name":"(anonymous_0)","decl":{"start":{"line":9,"column":2},"end":{"line":9,"column":3}},"loc":{"start":{"line":9,"column":39},"end":{"line":11,"column":3}},"line":9},"1":{"name":"(anonymous_1)","decl":{"start":{"line":13,"column":2},"end":{"line":13,"column":3}},"loc":{"start":{"line":13,"column":48},"end":{"line":19,"column":3}},"line":13},"2":{"name":"(anonymous_2)","decl":{"start":{"line":21,"column":2},"end":{"line":21,"column":3}},"loc":{"start":{"line":21,"column":73},"end":{"line":32,"column":3}},"line":21},"3":{"name":"(anonymous_3)","decl":{"start":{"line":34,"column":2},"end":{"line":34,"column":3}},"loc":{"start":{"line":38,"column":4},"end":{"line":44,"column":3}},"line":38},"4":{"name":"(anonymous_4)","decl":{"start":{"line":46,"column":2},"end":{"line":46,"column":3}},"loc":{"start":{"line":49,"column":31},"end":{"line":55,"column":3}},"line":49},"5":{"name":"(anonymous_5)","decl":{"start":{"line":57,"column":2},"end":{"line":57,"column":3}},"loc":{"start":{"line":57,"column":42},"end":{"line":63,"column":3}},"line":57}},"branchMap":{"0":{"loc":{"start":{"line":16,"column":4},"end":{"line":16,"column":68}},"type":"if","locations":[{"start":{"line":16,"column":4},"end":{"line":16,"column":68}},{"start":{},"end":{}}],"line":16},"1":{"loc":{"start":{"line":22,"column":4},"end":{"line":22,"column":72}},"type":"if","locations":[{"start":{"line":22,"column":4},"end":{"line":22,"column":72}},{"start":{},"end":{}}],"line":22},"2":{"loc":{"start":{"line":23,"column":4},"end":{"line":23,"column":80}},"type":"if","locations":[{"start":{"line":23,"column":4},"end":{"line":23,"column":80}},{"start":{},"end":{}}],"line":23},"3":{"loc":{"start":{"line":24,"column":4},"end":{"line":25,"column":62}},"type":"if","locations":[{"start":{"line":24,"column":4},"end":{"line":25,"column":62}},{"start":{},"end":{}}],"line":24},"4":{"loc":{"start":{"line":26,"column":4},"end":{"line":26,"column":76}},"type":"if","locations":[{"start":{"line":26,"column":4},"end":{"line":26,"column":76}},{"start":{},"end":{}}],"line":26},"5":{"loc":{"start":{"line":27,"column":4},"end":{"line":28,"column":62}},"type":"if","locations":[{"start":{"line":27,"column":4},"end":{"line":28,"column":62}},{"start":{},"end":{}}],"line":27},"6":{"loc":{"start":{"line":29,"column":4},"end":{"line":29,"column":74}},"type":"if","locations":[{"start":{"line":29,"column":4},"end":{"line":29,"column":74}},{"start":{},"end":{}}],"line":29},"7":{"loc":{"start":{"line":52,"column":4},"end":{"line":52,"column":68}},"type":"if","locations":[{"start":{"line":52,"column":4},"end":{"line":52,"column":68}},{"start":{},"end":{}}],"line":52},"8":{"loc":{"start":{"line":60,"column":4},"end":{"line":60,"column":68}},"type":"if","locations":[{"start":{"line":60,"column":4},"end":{"line":60,"column":68}},{"start":{},"end":{}}],"line":60}},"s":{"0":14,"1":1,"2":2,"3":2,"4":1,"5":1,"6":8,"7":1,"8":7,"9":1,"10":6,"11":1,"12":5,"13":0,"14":5,"15":0,"16":5,"17":0,"18":5,"19":1,"20":1,"21":1,"22":0,"23":1,"24":1,"25":1,"26":0,"27":1},"f":{"0":1,"1":2,"2":8,"3":1,"4":1,"5":1},"b":{"0":[1,1],"1":[1,7],"2":[1,6],"3":[1,5],"4":[0,5],"5":[0,5],"6":[0,5],"7":[0,1],"8":[0,1]},"_coverageSchema":"1a1c01bbd47fc00a2c39e90264f33305004495a9","hash":"1f39f5bbf9c056069f78ba54694d32b70ffdc569"}
,"C:\\Projetos\\Keepit\\keepit.api\\src\\services\\user.service.ts": {"path":"C:\\Projetos\\Keepit\\keepit.api\\src\\services\\user.service.ts","statementMap":{"0":{"start":{"line":7,"column":27},"end":{"line":7,"column":47}},"1":{"start":{"line":10,"column":4},"end":{"line":10,"column":40}},"2":{"start":{"line":14,"column":17},"end":{"line":14,"column":54}},"3":{"start":{"line":16,"column":4},"end":{"line":16,"column":58}},"4":{"start":{"line":16,"column":15},"end":{"line":16,"column":58}},"5":{"start":{"line":18,"column":4},"end":{"line":18,"column":16}},"6":{"start":{"line":25,"column":17},"end":{"line":25,"column":54}},"7":{"start":{"line":27,"column":4},"end":{"line":27,"column":58}},"8":{"start":{"line":27,"column":15},"end":{"line":27,"column":58}},"9":{"start":{"line":28,"column":4},"end":{"line":28,"column":71}},"10":{"start":{"line":28,"column":26},"end":{"line":28,"column":71}},"11":{"start":{"line":30,"column":4},"end":{"line":30,"column":51}},"12":{"start":{"line":34,"column":17},"end":{"line":34,"column":54}},"13":{"start":{"line":36,"column":4},"end":{"line":36,"column":58}},"14":{"start":{"line":36,"column":15},"end":{"line":36,"column":58}},"15":{"start":{"line":38,"column":4},"end":{"line":38,"column":41}}},"fnMap":{"0":{"name":"(anonymous_0)","decl":{"start":{"line":9,"column":2},"end":{"line":9,"column":3}},"loc":{"start":{"line":9,"column":34},"end":{"line":11,"column":3}},"line":9},"1":{"name":"(anonymous_1)","decl":{"start":{"line":13,"column":2},"end":{"line":13,"column":3}},"loc":{"start":{"line":13,"column":43},"end":{"line":19,"column":3}},"line":13},"2":{"name":"(anonymous_2)","decl":{"start":{"line":21,"column":2},"end":{"line":21,"column":3}},"loc":{"start":{"line":24,"column":26},"end":{"line":31,"column":3}},"line":24},"3":{"name":"(anonymous_3)","decl":{"start":{"line":33,"column":2},"end":{"line":33,"column":3}},"loc":{"start":{"line":33,"column":42},"end":{"line":39,"column":3}},"line":33}},"branchMap":{"0":{"loc":{"start":{"line":16,"column":4},"end":{"line":16,"column":58}},"type":"if","locations":[{"start":{"line":16,"column":4},"end":{"line":16,"column":58}},{"start":{},"end":{}}],"line":16},"1":{"loc":{"start":{"line":27,"column":4},"end":{"line":27,"column":58}},"type":"if","locations":[{"start":{"line":27,"column":4},"end":{"line":27,"column":58}},{"start":{},"end":{}}],"line":27},"2":{"loc":{"start":{"line":28,"column":4},"end":{"line":28,"column":71}},"type":"if","locations":[{"start":{"line":28,"column":4},"end":{"line":28,"column":71}},{"start":{},"end":{}}],"line":28},"3":{"loc":{"start":{"line":36,"column":4},"end":{"line":36,"column":58}},"type":"if","locations":[{"start":{"line":36,"column":4},"end":{"line":36,"column":58}},{"start":{},"end":{}}],"line":36}},"s":{"0":5,"1":1,"2":2,"3":2,"4":1,"5":1,"6":1,"7":1,"8":0,"9":1,"10":0,"11":1,"12":1,"13":1,"14":0,"15":1},"f":{"0":1,"1":2,"2":1,"3":1},"b":{"0":[1,1],"1":[0,1],"2":[0,1],"3":[0,1]},"_coverageSchema":"1a1c01bbd47fc00a2c39e90264f33305004495a9","hash":"bb27d64f02970b3d950070fbdb40416ba061e7c6"}
,"C:\\Projetos\\Keepit\\keepit.api\\src\\utils\\password-validator.ts": {"path":"C:\\Projetos\\Keepit\\keepit.api\\src\\utils\\password-validator.ts","statementMap":{"0":{"start":{"line":5,"column":2},"end":{"line":5,"column":78}},"1":{"start":{"line":9,"column":24},"end":{"line":9,"column":78}},"2":{"start":{"line":11,"column":4},"end":{"line":15,"column":5}},"3":{"start":{"line":12,"column":6},"end":{"line":14,"column":8}}},"fnMap":{"0":{"name":"(anonymous_0)","decl":{"start":{"line":8,"column":2},"end":{"line":8,"column":3}},"loc":{"start":{"line":8,"column":78},"end":{"line":16,"column":3}},"line":8}},"branchMap":{"0":{"loc":{"start":{"line":9,"column":24},"end":{"line":9,"column":78}},"type":"cond-expr","locations":[{"start":{"line":9,"column":55},"end":{"line":9,"column":63}},{"start":{"line":9,"column":66},"end":{"line":9,"column":78}}],"line":9},"1":{"loc":{"start":{"line":11,"column":4},"end":{"line":15,"column":5}},"type":"if","locations":[{"start":{"line":11,"column":4},"end":{"line":15,"column":5}},{"start":{},"end":{}}],"line":11},"2":{"loc":{"start":{"line":11,"column":8},"end":{"line":11,"column":63}},"type":"binary-expr","locations":[{"start":{"line":11,"column":8},"end":{"line":11,"column":20}},{"start":{"line":11,"column":24},"end":{"line":11,"column":63}}],"line":11}},"s":{"0":4,"1":7,"2":7,"3":0},"f":{"0":7},"b":{"0":[7,0],"1":[0,7],"2":[7,7]},"_coverageSchema":"1a1c01bbd47fc00a2c39e90264f33305004495a9","hash":"ac9dcba6b55286a8c3b574276af3dc1cbb8cb9f4"}
,"C:\\Projetos\\Keepit\\keepit.api\\tests\\utils\\equipment.template.ts": {"path":"C:\\Projetos\\Keepit\\keepit.api\\tests\\utils\\equipment.template.ts","statementMap":{"0":{"start":{"line":9,"column":33},"end":{"line":27,"column":1}},"1":{"start":{"line":12,"column":15},"end":{"line":24,"column":3}},"2":{"start":{"line":26,"column":2},"end":{"line":26,"column":35}}},"fnMap":{"0":{"name":"(anonymous_0)","decl":{"start":{"line":9,"column":33},"end":{"line":9,"column":34}},"loc":{"start":{"line":11,"column":16},"end":{"line":27,"column":1}},"line":11}},"branchMap":{"0":{"loc":{"start":{"line":10,"column":2},"end":{"line":10,"column":38}},"type":"default-arg","locations":[{"start":{"line":10,"column":36},"end":{"line":10,"column":38}}],"line":10}},"s":{"0":1,"1":11,"2":11},"f":{"0":11},"b":{"0":[8]},"_coverageSchema":"1a1c01bbd47fc00a2c39e90264f33305004495a9","hash":"3408b88d8353695017055180d132e1d67ead5b84"}
,"C:\\Projetos\\Keepit\\keepit.api\\tests\\utils\\test.helper.ts": {"path":"C:\\Projetos\\Keepit\\keepit.api\\tests\\utils\\test.helper.ts","statementMap":{"0":{"start":{"line":5,"column":20},"end":{"line":5,"column":34}},"1":{"start":{"line":6,"column":20},"end":{"line":6,"column":34}},"2":{"start":{"line":8,"column":41},"end":{"line":23,"column":1}},"3":{"start":{"line":9,"column":27},"end":{"line":9,"column":41}},"4":{"start":{"line":11,"column":30},"end":{"line":13,"column":27}},"5":{"start":{"line":15,"column":22},"end":{"line":15,"column":36}},"6":{"start":{"line":17,"column":30},"end":{"line":20,"column":4}},"7":{"start":{"line":22,"column":2},"end":{"line":22,"column":57}}},"fnMap":{"0":{"name":"(anonymous_0)","decl":{"start":{"line":8,"column":41},"end":{"line":8,"column":42}},"loc":{"start":{"line":8,"column":53},"end":{"line":23,"column":1}},"line":8}},"branchMap":{},"s":{"0":2,"1":2,"2":2,"3":2,"4":2,"5":2,"6":2,"7":2},"f":{"0":2},"b":{},"_coverageSchema":"1a1c01bbd47fc00a2c39e90264f33305004495a9","hash":"a13de32da2ccc1f319bf65fc39c3d3d6c2c6cf3e"}
,"C:\\Projetos\\Keepit\\keepit.api\\tests\\utils\\user.template.ts": {"path":"C:\\Projetos\\Keepit\\keepit.api\\tests\\utils\\user.template.ts","statementMap":{"0":{"start":{"line":6,"column":28},"end":{"line":17,"column":1}},"1":{"start":{"line":7,"column":15},"end":{"line":14,"column":3}},"2":{"start":{"line":16,"column":2},"end":{"line":16,"column":35}}},"fnMap":{"0":{"name":"(anonymous_0)","decl":{"start":{"line":6,"column":28},"end":{"line":6,"column":29}},"loc":{"start":{"line":6,"column":71},"end":{"line":17,"column":1}},"line":6}},"branchMap":{"0":{"loc":{"start":{"line":6,"column":29},"end":{"line":6,"column":60}},"type":"default-arg","locations":[{"start":{"line":6,"column":58},"end":{"line":6,"column":60}}],"line":6}},"s":{"0":3,"1":15,"2":15},"f":{"0":15},"b":{"0":[11]},"_coverageSchema":"1a1c01bbd47fc00a2c39e90264f33305004495a9","hash":"c4c3be8e0619b3fd13a391a81cfbb0c8868f956f"}
}
