TN:
SF:src\app.ts
FN:13,(anonymous_0)
FN:29,(anonymous_1)
FN:33,(anonymous_2)
FNF:3
FNH:2
FNDA:35,(anonymous_0)
FNDA:1,(anonymous_1)
FNDA:0,(anonymous_2)
DA:6,4
DA:7,4
DA:9,4
DA:11,4
DA:14,35
DA:15,35
DA:17,0
DA:26,4
DA:27,4
DA:29,4
DA:30,1
DA:33,4
DA:34,0
DA:35,0
DA:36,0
DA:37,0
LF:16
LH:11
BRDA:14,0,0,35
BRDA:14,0,1,0
BRDA:14,1,0,35
BRDA:14,1,1,0
BRDA:35,2,0,0
BRDA:35,2,1,0
BRF:6
BRH:2
end_of_record
TN:
SF:src\config\prisma.ts
FNF:0
FNH:0
DA:4,4
LF:1
LH:1
BRF:0
BRH:0
end_of_record
TN:
SF:src\controllers\authentications.controller.ts
FN:5,(anonymous_0)
FN:12,(anonymous_1)
FNF:2
FNH:2
FNDA:4,(anonymous_0)
FNDA:11,(anonymous_1)
DA:6,4
DA:7,4
DA:9,3
DA:13,11
DA:15,7
LF:5
LH:5
BRF:0
BRH:0
end_of_record
TN:
SF:src\controllers\equipments.controller.ts
FN:6,(anonymous_0)
FN:10,(anonymous_1)
FN:16,(anonymous_2)
FN:26,(anonymous_3)
FN:49,(anonymous_4)
FN:60,(anonymous_5)
FNF:6
FNH:6
FNDA:1,(anonymous_0)
FNDA:2,(anonymous_1)
FNDA:8,(anonymous_2)
FNDA:1,(anonymous_3)
FNDA:1,(anonymous_4)
FNDA:1,(anonymous_5)
DA:7,1
DA:11,2
DA:13,2
DA:17,8
DA:19,8
DA:21,5
DA:27,1
DA:28,1
DA:30,1
DA:31,0
DA:34,0
DA:37,1
DA:43,1
DA:50,1
DA:51,1
DA:53,1
DA:55,1
DA:61,1
DA:63,1
DA:64,1
LF:20
LH:18
BRDA:30,0,0,0
BRDA:30,0,1,1
BRDA:30,1,0,1
BRDA:30,1,1,1
BRF:4
BRH:3
end_of_record
TN:
SF:src\controllers\users.controller.ts
FN:6,(anonymous_0)
FN:10,(anonymous_1)
FN:16,(anonymous_2)
FN:27,(anonymous_3)
FNF:4
FNH:4
FNDA:1,(anonymous_0)
FNDA:2,(anonymous_1)
FNDA:1,(anonymous_2)
FNDA:1,(anonymous_3)
DA:7,1
DA:11,2
DA:13,2
DA:17,1
DA:18,1
DA:20,1
DA:22,1
DA:28,1
DA:30,1
DA:32,1
LF:10
LH:10
BRF:0
BRH:0
end_of_record
TN:
SF:src\errors\base.error.ts
FN:4,(anonymous_0)
FN:11,(anonymous_1)
FNF:2
FNH:2
FNDA:10,(anonymous_0)
FNDA:10,(anonymous_1)
DA:8,10
DA:12,10
LF:2
LH:2
BRF:0
BRH:0
end_of_record
TN:
SF:src\errors\internal-server.error.ts
FN:4,(anonymous_0)
FNF:1
FNH:0
FNDA:0,(anonymous_0)
DA:5,0
LF:1
LH:0
BRDA:4,0,0,0
BRF:1
BRH:0
end_of_record
TN:
SF:src\errors\not-found.error.ts
FN:4,(anonymous_0)
FNF:1
FNH:1
FNDA:2,(anonymous_0)
DA:5,2
LF:1
LH:1
BRF:0
BRH:0
end_of_record
TN:
SF:src\errors\validation.error.ts
FN:4,(anonymous_0)
FNF:1
FNH:1
FNDA:8,(anonymous_0)
DA:5,8
LF:1
LH:1
BRF:0
BRH:0
end_of_record
TN:
SF:src\generated\prisma\client.ts
FNF:0
FNH:0
DA:16,4
DA:38,4
LF:2
LH:2
BRF:0
BRH:0
end_of_record
TN:
SF:src\generated\prisma\enums.ts
FNF:0
FNH:0
DA:12,4
LF:1
LH:1
BRF:0
BRH:0
end_of_record
TN:
SF:src\generated\prisma\internal\class.ts
FN:33,decodeBase64AsWasm
FN:40,(anonymous_1)
FN:42,(anonymous_2)
FN:200,getPrismaClientClass
FNF:4
FNH:4
FNDA:3,decodeBase64AsWasm
FNDA:3,(anonymous_1)
FNDA:3,(anonymous_2)
FNDA:4,getPrismaClientClass
DA:18,4
DA:31,4
DA:34,3
DA:35,3
DA:36,3
DA:39,4
DA:40,3
DA:43,3
DA:44,3
DA:201,4
LF:10
LH:10
BRF:0
BRH:0
end_of_record
TN:
SF:src\generated\prisma\internal\prismaNamespace.ts
FNF:0
FNH:0
DA:32,4
DA:35,4
DA:38,4
DA:41,4
DA:44,4
DA:50,4
DA:51,4
DA:52,4
DA:53,4
DA:54,4
DA:62,4
DA:71,4
DA:86,4
DA:104,4
DA:114,4
DA:121,4
DA:128,4
DA:386,4
DA:585,4
DA:595,4
DA:607,4
DA:624,4
DA:632,4
DA:640,4
DA:730,4
LF:25
LH:25
BRF:0
BRH:0
end_of_record
TN:
SF:src\middlewares\auth.middleware.ts
FN:8,(anonymous_0)
FNF:1
FNH:1
FNDA:19,(anonymous_0)
DA:6,4
DA:8,4
DA:13,19
DA:15,19
DA:16,0
DA:17,0
DA:20,19
DA:21,19
DA:22,19
DA:23,19
DA:25,0
DA:26,0
LF:12
LH:8
BRDA:15,0,0,0
BRDA:15,0,1,19
BRF:2
BRH:1
end_of_record
TN:
SF:src\middlewares\error-handler.middleware.ts
FN:5,(anonymous_0)
FN:6,(anonymous_1)
FNF:2
FNH:2
FNDA:4,(anonymous_0)
FNDA:10,(anonymous_1)
DA:5,4
DA:6,4
DA:7,10
DA:8,10
DA:10,0
LF:5
LH:4
BRDA:7,0,0,10
BRDA:7,0,1,0
BRF:2
BRH:1
end_of_record
TN:
SF:src\repositories\equipment.repository.ts
FN:5,(anonymous_0)
FN:9,(anonymous_1)
FN:15,(anonymous_2)
FN:21,(anonymous_3)
FN:31,(anonymous_4)
FNF:5
FNH:5
FNDA:1,(anonymous_0)
FNDA:4,(anonymous_1)
FNDA:5,(anonymous_2)
FNDA:2,(anonymous_3)
FNDA:1,(anonymous_4)
DA:6,1
DA:10,4
DA:16,5
DA:25,2
DA:32,1
LF:5
LH:5
BRF:0
BRH:0
end_of_record
TN:
SF:src\repositories\user.repository.ts
FN:5,(anonymous_0)
FN:11,(anonymous_1)
FN:18,(anonymous_2)
FN:24,(anonymous_3)
FN:30,(anonymous_4)
FN:37,(anonymous_5)
FNF:6
FNH:6
FNDA:1,(anonymous_0)
FNDA:4,(anonymous_1)
FNDA:11,(anonymous_2)
FNDA:7,(anonymous_3)
FNDA:1,(anonymous_4)
FNDA:1,(anonymous_5)
DA:6,1
DA:12,4
DA:19,11
DA:25,7
DA:31,1
DA:38,1
LF:6
LH:6
BRF:0
BRH:0
end_of_record
TN:
SF:src\routes\authentications.routes.ts
FNF:0
FNH:0
DA:5,4
DA:7,4
DA:11,4
LF:3
LH:3
BRF:0
BRH:0
end_of_record
TN:
SF:src\routes\equipments.routes.ts
FNF:0
FNH:0
DA:5,4
DA:7,4
DA:8,4
DA:9,4
DA:10,4
DA:14,4
DA:15,4
LF:7
LH:7
BRF:0
BRH:0
end_of_record
TN:
SF:src\routes\index.ts
FN:7,(anonymous_0)
FNF:1
FNH:1
FNDA:4,(anonymous_0)
DA:7,4
DA:8,4
DA:10,4
DA:11,4
LF:4
LH:4
BRF:0
BRH:0
end_of_record
TN:
SF:src\routes\users.routes.ts
FNF:0
FNH:0
DA:5,4
DA:7,4
DA:8,4
DA:9,4
DA:10,4
LF:5
LH:5
BRF:0
BRH:0
end_of_record
TN:
SF:src\services\authentication.service.ts
FN:14,(anonymous_0)
FN:32,(anonymous_1)
FNF:2
FNH:2
FNDA:4,(anonymous_0)
FNDA:11,(anonymous_1)
DA:9,4
DA:12,15
DA:15,4
DA:17,4
DA:18,1
DA:20,3
DA:27,3
DA:29,3
DA:33,11
DA:34,10
DA:35,9
DA:36,8
DA:37,7
DA:39,7
DA:41,7
DA:42,0
DA:44,7
DA:46,7
LF:18
LH:17
BRDA:17,0,0,1
BRDA:17,0,1,3
BRDA:17,1,0,4
BRDA:17,1,1,4
BRDA:33,2,0,1
BRDA:33,2,1,10
BRDA:34,3,0,1
BRDA:34,3,1,9
BRDA:35,4,0,1
BRDA:35,4,1,8
BRDA:36,5,0,1
BRDA:36,5,1,7
BRDA:37,6,0,7
BRDA:37,6,1,0
BRDA:41,7,0,0
BRDA:41,7,1,7
BRF:16
BRH:14
end_of_record
TN:
SF:src\services\equipment.service.ts
FN:9,(anonymous_0)
FN:13,(anonymous_1)
FN:21,(anonymous_2)
FN:34,(anonymous_3)
FN:46,(anonymous_4)
FN:57,(anonymous_5)
FNF:6
FNH:6
FNDA:1,(anonymous_0)
FNDA:2,(anonymous_1)
FNDA:8,(anonymous_2)
FNDA:1,(anonymous_3)
FNDA:1,(anonymous_4)
FNDA:1,(anonymous_5)
DA:7,14
DA:10,1
DA:14,2
DA:16,2
DA:18,1
DA:22,8
DA:23,7
DA:24,6
DA:25,1
DA:26,5
DA:27,5
DA:28,0
DA:29,5
DA:31,5
DA:39,1
DA:50,1
DA:52,1
DA:54,1
DA:58,1
DA:60,1
DA:62,1
LF:21
LH:20
BRDA:16,0,0,1
BRDA:16,0,1,1
BRDA:22,1,0,1
BRDA:22,1,1,7
BRDA:23,2,0,1
BRDA:23,2,1,6
BRDA:24,3,0,1
BRDA:24,3,1,5
BRDA:26,4,0,0
BRDA:26,4,1,5
BRDA:27,5,0,0
BRDA:27,5,1,5
BRDA:29,6,0,0
BRDA:29,6,1,5
BRDA:52,7,0,0
BRDA:52,7,1,1
BRDA:60,8,0,0
BRDA:60,8,1,1
BRF:18
BRH:13
end_of_record
TN:
SF:src\services\user.service.ts
FN:9,(anonymous_0)
FN:13,(anonymous_1)
FN:21,(anonymous_2)
FN:33,(anonymous_3)
FNF:4
FNH:4
FNDA:1,(anonymous_0)
FNDA:2,(anonymous_1)
FNDA:1,(anonymous_2)
FNDA:1,(anonymous_3)
DA:7,5
DA:10,1
DA:14,2
DA:16,2
DA:18,1
DA:25,1
DA:27,1
DA:28,1
DA:30,1
DA:34,1
DA:36,1
DA:38,1
LF:12
LH:12
BRDA:16,0,0,1
BRDA:16,0,1,1
BRDA:27,1,0,0
BRDA:27,1,1,1
BRDA:28,2,0,0
BRDA:28,2,1,1
BRDA:36,3,0,0
BRDA:36,3,1,1
BRF:8
BRH:5
end_of_record
TN:
SF:src\utils\password-validator.ts
FN:8,(anonymous_0)
FNF:1
FNH:1
FNDA:7,(anonymous_0)
DA:5,4
DA:9,7
DA:11,7
DA:12,0
LF:4
LH:3
BRDA:9,0,0,7
BRDA:9,0,1,0
BRDA:11,1,0,0
BRDA:11,1,1,7
BRDA:11,2,0,7
BRDA:11,2,1,7
BRF:6
BRH:4
end_of_record
TN:
SF:tests\utils\equipment.template.ts
FN:9,(anonymous_0)
FNF:1
FNH:1
FNDA:11,(anonymous_0)
DA:9,1
DA:12,11
DA:26,11
LF:3
LH:3
BRDA:10,0,0,8
BRF:1
BRH:1
end_of_record
TN:
SF:tests\utils\test.helper.ts
FN:8,(anonymous_0)
FNF:1
FNH:1
FNDA:2,(anonymous_0)
DA:5,2
DA:6,2
DA:8,2
DA:9,2
DA:11,2
DA:15,2
DA:17,2
DA:22,2
LF:8
LH:8
BRF:0
BRH:0
end_of_record
TN:
SF:tests\utils\user.template.ts
FN:6,(anonymous_0)
FNF:1
FNH:1
FNDA:15,(anonymous_0)
DA:6,3
DA:7,15
DA:16,15
LF:3
LH:3
BRDA:6,0,0,11
BRF:1
BRH:1
end_of_record
